2021-09-25 22:49:42,808 [Worker-5: Loading available Gradle versions] INFO  o.e.b.c.i.u.g.PublishedGradleVersions - Gradle version information cache is up-to-date. Trying to read.
2021-09-25 22:51:53,198 [Worker-1: Maven 依存関係の更新中] INFO  o.e.m.c.i.l.LifecycleMappingFactory - Using org.eclipse.m2e.jdt.JarLifecycleMapping lifecycle mapping for MavenProject: com.example.actor:actor-search-example:1.0-SNAPSHOT @ /Users/kurodashotaro/Desktop/actor-search-example-master/pom.xml.
2021-09-25 22:51:54,475 [Worker-2: ビルド] INFO  o.e.m.c.i.l.LifecycleMappingFactory - Using org.eclipse.m2e.jdt.JarLifecycleMapping lifecycle mapping for MavenProject: com.example.actor:actor-search-example:1.0-SNAPSHOT @ /Users/kurodashotaro/Desktop/actor-search-example-master/pom.xml.
2021-09-25 22:51:56,452 [Worker-2: ビルド] INFO  o.e.m.c.i.embedder.EclipseLogger - Using 'UTF-8' encoding to copy filtered resources.
2021-09-25 22:51:56,462 [Worker-2: ビルド] INFO  o.e.m.c.i.embedder.EclipseLogger - Copying 1 resource
2021-09-25 22:51:56,491 [Worker-2: ビルド] INFO  o.e.m.c.i.embedder.EclipseLogger - Copying 18 resources
2021-09-25 22:51:56,526 [Worker-2: ビルド] INFO  o.e.m.c.i.embedder.EclipseLogger - Using 'UTF-8' encoding to copy filtered resources.
2021-09-25 22:51:56,526 [Worker-2: ビルド] INFO  o.e.m.c.i.embedder.EclipseLogger - skip non existing resourceDirectory /Users/kurodashotaro/Desktop/actor-search-example-master/src/test/resources
2021-09-25 22:51:59,111 [Worker-10: Maven 依存関係の更新中] INFO  o.e.m.c.i.l.LifecycleMappingFactory - Using org.eclipse.m2e.jdt.JarLifecycleMapping lifecycle mapping for MavenProject: com.example.actor:actor-search-example:1.0-SNAPSHOT @ /Users/kurodashotaro/Desktop/actor-search-example-master/pom.xml.
2021-09-25 22:51:59,767 [Worker-12: ビルド] INFO  o.e.m.c.i.embedder.EclipseLogger - Using 'UTF-8' encoding to copy filtered resources.
2021-09-25 22:51:59,782 [Worker-12: ビルド] INFO  o.e.m.c.i.embedder.EclipseLogger - Copying 1 resource
2021-09-25 22:51:59,812 [Worker-12: ビルド] INFO  o.e.m.c.i.embedder.EclipseLogger - Copying 18 resources
2021-09-25 22:51:59,852 [Worker-12: ビルド] INFO  o.e.m.c.i.embedder.EclipseLogger - Using 'UTF-8' encoding to copy filtered resources.
2021-09-25 22:51:59,852 [Worker-12: ビルド] INFO  o.e.m.c.i.embedder.EclipseLogger - skip non existing resourceDirectory /Users/kurodashotaro/Desktop/actor-search-example-master/src/test/resources
2021-09-25 22:52:01,775 [Worker-8: ビルド] INFO  o.e.m.c.i.embedder.EclipseLogger - Using 'UTF-8' encoding to copy filtered resources.
2021-09-25 22:52:01,780 [Worker-8: ビルド] INFO  o.e.m.c.i.embedder.EclipseLogger - Copying 0 resource
2021-09-25 22:52:01,781 [Worker-8: ビルド] INFO  o.e.m.c.i.embedder.EclipseLogger - Copying 0 resource
2021-09-25 22:52:01,784 [Worker-8: ビルド] INFO  o.e.m.c.i.embedder.EclipseLogger - Using 'UTF-8' encoding to copy filtered resources.
2021-09-25 22:52:01,785 [Worker-8: ビルド] INFO  o.e.m.c.i.embedder.EclipseLogger - skip non existing resourceDirectory /Users/kurodashotaro/Desktop/actor-search-example-master/src/test/resources
2021-09-27 21:01:34,178 [Worker-2: Loading available Gradle versions] INFO  o.e.b.c.i.u.g.PublishedGradleVersions - Gradle version information cache is out-of-date. Trying to update.
2021-09-27 22:05:41,592 [Worker-0: Loading available Gradle versions] INFO  o.e.b.c.i.u.g.PublishedGradleVersions - Gradle version information cache is up-to-date. Trying to read.
2021-09-27 22:17:10,133 [Worker-14: ビルド] INFO  o.e.m.c.i.embedder.EclipseLogger - Using 'UTF-8' encoding to copy filtered resources.
2021-09-27 22:17:10,150 [Worker-14: ビルド] INFO  o.e.m.c.i.embedder.EclipseLogger - Copying 1 resource
2021-09-27 22:17:10,198 [Worker-14: ビルド] INFO  o.e.m.c.i.embedder.EclipseLogger - Copying 18 resources
2021-09-27 22:17:10,227 [Worker-14: ビルド] INFO  o.e.m.c.i.embedder.EclipseLogger - Using 'UTF-8' encoding to copy filtered resources.
2021-09-27 22:17:10,227 [Worker-14: ビルド] INFO  o.e.m.c.i.embedder.EclipseLogger - skip non existing resourceDirectory /Users/kurodashotaro/Desktop/CafeOfYI/SerchSystem/actor-search-example-master/src/test/resources
2021-09-27 22:32:05,205 [Worker-7: Loading available Gradle versions] INFO  o.e.b.c.i.u.g.PublishedGradleVersions - Gradle version information cache is up-to-date. Trying to read.
2021-09-27 22:52:18,188 [Worker-3: ビルド] INFO  o.e.m.c.i.embedder.EclipseLogger - Using 'UTF-8' encoding to copy filtered resources.
2021-09-27 22:52:18,197 [Worker-3: ビルド] INFO  o.e.m.c.i.embedder.EclipseLogger - Copying 1 resource
2021-09-27 22:52:18,219 [Worker-3: ビルド] INFO  o.e.m.c.i.embedder.EclipseLogger - Copying 18 resources
2021-09-27 22:52:18,225 [Worker-3: ビルド] INFO  o.e.m.c.i.embedder.EclipseLogger - Using 'UTF-8' encoding to copy filtered resources.
2021-09-27 22:52:18,226 [Worker-3: ビルド] INFO  o.e.m.c.i.embedder.EclipseLogger - skip non existing resourceDirectory /Users/kurodashotaro/Desktop/CafeOfYI/SerchSystem/actor-search-example-master/src/test/resources
2021-09-27 22:52:19,839 [Worker-21: ビルド] INFO  o.e.m.c.i.embedder.EclipseLogger - Using 'UTF-8' encoding to copy filtered resources.
2021-09-27 22:52:19,842 [Worker-21: ビルド] INFO  o.e.m.c.i.embedder.EclipseLogger - Copying 0 resource
2021-09-27 22:52:19,842 [Worker-21: ビルド] INFO  o.e.m.c.i.embedder.EclipseLogger - Copying 0 resource
2021-09-27 22:52:19,846 [Worker-21: ビルド] INFO  o.e.m.c.i.embedder.EclipseLogger - Using 'UTF-8' encoding to copy filtered resources.
2021-09-27 22:52:19,847 [Worker-21: ビルド] INFO  o.e.m.c.i.embedder.EclipseLogger - skip non existing resourceDirectory /Users/kurodashotaro/Desktop/CafeOfYI/SerchSystem/actor-search-example-master/src/test/resources
2021-09-27 22:53:21,740 [Worker-3: ビルド] INFO  o.e.m.c.i.embedder.EclipseLogger - Using 'UTF-8' encoding to copy filtered resources.
2021-09-27 22:53:21,740 [Worker-3: ビルド] INFO  o.e.m.c.i.embedder.EclipseLogger - Copying 0 resource
2021-09-27 22:53:21,740 [Worker-3: ビルド] INFO  o.e.m.c.i.embedder.EclipseLogger - Copying 0 resource
2021-09-27 22:53:21,742 [Worker-3: ビルド] INFO  o.e.m.c.i.embedder.EclipseLogger - Using 'UTF-8' encoding to copy filtered resources.
2021-09-27 22:53:21,742 [Worker-3: ビルド] INFO  o.e.m.c.i.embedder.EclipseLogger - skip non existing resourceDirectory /Users/kurodashotaro/Desktop/CafeOfYI/SerchSystem/actor-search-example-master/src/test/resources
2021-09-27 22:53:23,027 [Worker-3: ビルド] INFO  o.e.m.c.i.embedder.EclipseLogger - Using 'UTF-8' encoding to copy filtered resources.
2021-09-27 22:53:23,027 [Worker-3: ビルド] INFO  o.e.m.c.i.embedder.EclipseLogger - Copying 0 resource
2021-09-27 22:53:23,027 [Worker-3: ビルド] INFO  o.e.m.c.i.embedder.EclipseLogger - Copying 0 resource
2021-09-27 22:53:23,030 [Worker-3: ビルド] INFO  o.e.m.c.i.embedder.EclipseLogger - Using 'UTF-8' encoding to copy filtered resources.
2021-09-27 22:53:23,030 [Worker-3: ビルド] INFO  o.e.m.c.i.embedder.EclipseLogger - skip non existing resourceDirectory /Users/kurodashotaro/Desktop/CafeOfYI/SerchSystem/actor-search-example-master/src/test/resources
2021-09-27 22:53:27,683 [Worker-25: ビルド] INFO  o.e.m.c.i.embedder.EclipseLogger - Using 'UTF-8' encoding to copy filtered resources.
2021-09-27 22:53:27,684 [Worker-25: ビルド] INFO  o.e.m.c.i.embedder.EclipseLogger - Copying 0 resource
2021-09-27 22:53:27,684 [Worker-25: ビルド] INFO  o.e.m.c.i.embedder.EclipseLogger - Copying 0 resource
2021-09-27 22:53:27,687 [Worker-25: ビルド] INFO  o.e.m.c.i.embedder.EclipseLogger - Using 'UTF-8' encoding to copy filtered resources.
2021-09-27 22:53:27,687 [Worker-25: ビルド] INFO  o.e.m.c.i.embedder.EclipseLogger - skip non existing resourceDirectory /Users/kurodashotaro/Desktop/CafeOfYI/SerchSystem/actor-search-example-master/src/test/resources
